app/build/intermediates/manifest_merge_blame_file/debug/manifest-merger-blame-debug-report.txt
1<?xml version="1.0" encoding="utf-8"?>
2<manifest xmlns:android="http://schemas.android.com/apk/res/android"
3    package="com.example.builds.javaaudiorecorder"
4    android:versionCode="1"
5    android:versionName="1.0" >
6
7    <uses-sdk
8        android:minSdkVersion="21"
8-->src\main\AndroidManifest.xml
9        android:targetSdkVersion="26" />
9-->src\main\AndroidManifest.xml
10
11    <uses-permission android:name="android.permission.READ_EXTERNAL_STORAGE" />
11-->src\main\AndroidManifest.xml:6:5-79
11-->src\main\AndroidManifest.xml:6:22-77
12    <uses-permission android:name="android.permission.WRITE_EXTERNAL_STORAGE" />
12-->src\main\AndroidManifest.xml:7:5-80
12-->src\main\AndroidManifest.xml:7:22-78
13    <uses-permission android:name="android.permission.RECORD_AUDIO" />
13-->src\main\AndroidManifest.xml:8:5-71
13-->src\main\AndroidManifest.xml:8:22-68
14    <uses-permission android:name="android.permission.STORAGE" />
14-->src\main\AndroidManifest.xml:9:5-66
14-->src\main\AndroidManifest.xml:9:22-63
15
16    <application
16-->src\main\AndroidManifest.xml:11:5-25:19
17        android:allowBackup="true"
17-->src\main\AndroidManifest.xml:12:9-35
18        android:debuggable="true"
19        android:icon="@drawable/mic"
19-->src\main\AndroidManifest.xml:13:9-37
20        android:label="Audio Recorder"
20-->src\main\AndroidManifest.xml:14:9-39
21        android:roundIcon="@mipmap/ic_launcher_round"
21-->src\main\AndroidManifest.xml:15:9-54
22        android:supportsRtl="true"
22-->src\main\AndroidManifest.xml:16:9-35
23        android:testOnly="true"
24        android:theme="@style/AppTheme" >
24-->src\main\AndroidManifest.xml:17:9-40
25        <activity
25-->src\main\AndroidManifest.xml:18:9-24:20
26            android:name="com.example.builds.javaaudiorecorder.MainActivity"
26-->src\main\AndroidManifest.xml:18:19-47
27            android:screenOrientation="portrait" >
27-->src\main\AndroidManifest.xml:19:13-51
28            <intent-filter>
28-->src\main\AndroidManifest.xml:20:13-23:29
29                <action android:name="android.intent.action.MAIN" />
29-->src\main\AndroidManifest.xml:21:17-69
29-->src\main\AndroidManifest.xml:21:25-66
30
31                <category android:name="android.intent.category.LAUNCHER" />
31-->src\main\AndroidManifest.xml:22:17-77
31-->src\main\AndroidManifest.xml:22:27-74
32            </intent-filter>
33        </activity>
34
35        <meta-data
35-->[com.android.support:appcompat-v7:26.1.0] AndroidManifest.xml:26:9-28:38
36            android:name="android.support.VERSION"
36-->[com.android.support:appcompat-v7:26.1.0] AndroidManifest.xml:27:13-51
37            android:value="26.1.0" />
37-->[com.android.support:appcompat-v7:26.1.0] AndroidManifest.xml:28:13-35
38        <meta-data
38-->[android.arch.lifecycle:runtime:1.0.0] AndroidManifest.xml:25:9-27:47
39            android:name="android.arch.lifecycle.VERSION"
39-->[android.arch.lifecycle:runtime:1.0.0] AndroidManifest.xml:26:13-58
40            android:value="27.0.0-SNAPSHOT" />
40-->[android.arch.lifecycle:runtime:1.0.0] AndroidManifest.xml:27:13-44
41    </application>
42
43</manifest>